<?xml version="1.0" encoding="UTF-8"?>
<robot generator="Robot 6.0.1 (Python 3.10.7 on win32)" generated="20230120 15:00:05.397" rpa="false" schemaversion="3">
<suite id="s1" name="Keywords Sans Argument" source="D:\Session-4-\Automatisation II\Projets\robot_keywords_project\test_cases\keywords_sans_argument.robot">
<test id="s1-t1" name="Login Test" line="11">
<kw name="lancer le navigateur">
<kw name="Open Browser" library="SeleniumLibrary">
<arg>${URL}</arg>
<arg>${BROWSER}</arg>
<doc>Opens a new browser instance to the optional ``url``.</doc>
<msg timestamp="20230120 15:00:05.533" level="INFO">Opening browser 'chrome' to base url 'https://admin-demo.nopcommerce.com'.</msg>
<status status="PASS" starttime="20230120 15:00:05.532" endtime="20230120 15:00:07.650"/>
</kw>
<kw name="Maximize Browser Window" library="SeleniumLibrary">
<doc>Maximizes current browser window.</doc>
<status status="PASS" starttime="20230120 15:00:07.651" endtime="20230120 15:00:07.772"/>
</kw>
<status status="PASS" starttime="20230120 15:00:05.532" endtime="20230120 15:00:07.772"/>
</kw>
<kw name="Input Text" library="SeleniumLibrary">
<arg>id:Email</arg>
<arg>admin@yourstore.com</arg>
<doc>Types the given ``text`` into the text field identified by ``locator``.</doc>
<msg timestamp="20230120 15:00:07.775" level="INFO">Typing text 'admin@yourstore.com' into text field 'id:Email'.</msg>
<status status="PASS" starttime="20230120 15:00:07.773" endtime="20230120 15:00:07.866"/>
</kw>
<kw name="Input Password" library="SeleniumLibrary">
<arg>id:Password</arg>
<arg>admin</arg>
<doc>Types the given password into the text field identified by ``locator``.</doc>
<msg timestamp="20230120 15:00:07.867" level="INFO">Typing password into text field 'id:Password'.</msg>
<msg timestamp="20230120 15:00:07.907" level="INFO">Temporally setting log level to: NONE</msg>
<msg timestamp="20230120 15:00:07.942" level="INFO">Log level changed from NONE to INFO.</msg>
<status status="PASS" starttime="20230120 15:00:07.866" endtime="20230120 15:00:07.942"/>
</kw>
<kw name="Click Button" library="SeleniumLibrary">
<arg>xpath://button[@type="submit"]</arg>
<doc>Clicks the button identified by ``locator``.</doc>
<msg timestamp="20230120 15:00:07.943" level="INFO">Clicking button 'xpath://button[@type="submit"]'.</msg>
<status status="PASS" starttime="20230120 15:00:07.943" endtime="20230120 15:00:09.873"/>
</kw>
<status status="PASS" starttime="20230120 15:00:05.532" endtime="20230120 15:00:09.874"/>
</test>
<status status="PASS" starttime="20230120 15:00:05.398" endtime="20230120 15:00:09.876"/>
</suite>
<statistics>
<total>
<stat pass="1" fail="0" skip="0">All Tests</stat>
</total>
<tag>
</tag>
<suite>
<stat pass="1" fail="0" skip="0" id="s1" name="Keywords Sans Argument">Keywords Sans Argument</stat>
</suite>
</statistics>
<errors>
</errors>
</robot>
